(---------------------------------------------------------------------)
(                                                                     )
(    NC DRILL Log                                                     )
(                                                                     )
(    Drawing          : HUMAN_INTERFACE_CAPACITIVE_SWITCH-SCHEMATIC_THE GOOD ONE.brd )
(    Software Version : 17.2S025                                      )
(    Date/Time        : Sun Jun 11 19:45:03 2023                      )
(                                                                     )
(---------------------------------------------------------------------)



 Processing NC Parameters file 'nc_param.txt' ...

 NC PARAMETERS
 -------------

 FORMAT   		2.5
 MACHINE-OFFSET		x:0.00000	y:0.00000   (inch)
 FEEDRATE		1
 COORDINATES		ABSOLUTE
 OUTPUT-UNITS		ENGLISH
 TOOL-ORDER		INCREASING
 REPEAT-CODES		YES
 SUPPRESS-LEAD-ZEROES	NO
 SUPPRESS-TRAIL-ZEROES	NO
 SUPPRESS-EQUAL		NO
 TOOL-SELECT		NO
 HEADER			none
 LEADER			12
 CODE			ASCII
 SEPARATE		NO
 SEPARATE-ROUTING	NO
 OPTIMIZE_DRILLING	NO
 ENHANCED_EXCELLON	NO
 SCALE			1.000000

 WARNING(SPMHMF-358): Design precision is the same as that of the drill output file data.
 WARNING(SPMHMF-359): Data rounding errors may still be possible.


 Drill files being output to directory 'C:/Users/vladc/Desktop/PROIECT TIE 2023 - Echipa 2 - 423C/Circuit (Schematic+PCB)/allegro' ...



     'HUMAN_INTERFACE_CAPACITIVE_SWITCH-SCHEMATIC_THE GOOD ONE-1-2.drl' created for holes connecting TOP and BOTTOM
     --------------------------------------------------------------------------------------------------------------

           Num     Size      +/- Tolerance     Plating   Quantity

            1.  12.0000    0.0000/  0.0000      PLATED          2
            2.  13.0000    0.0000/  0.0000      PLATED         21
            3.  23.6200    0.0000/  0.0000      PLATED          6
            4.  28.0000    0.0000/  0.0000      PLATED          3
            5.  34.0000    0.0000/  0.0000      PLATED          2
            6.  36.0000    0.0000/  0.0000      PLATED          4
            7.  42.0000    0.0000/  0.0000      PLATED         16
            8. 128.0000    0.0000/  0.0000  NON_PLATED          4

     ---- Total holes:                                         58

     ---- Total head travel:              3.42 feet (1.04 meters)

